101.12.26 09:51 B D:\aspnmns\ppActivity\mSessionList.asp <-- lbb1chen /DISKC/aspnmns/ppActivity mSessionList.asp
101.12.26 09:51 B D:\aspnmns\ppActivity\paActAdd.asp <-- lbb1chen /DISKC/aspnmns/ppActivity paActAdd.asp
101.12.26 09:51 B D:\aspnmns\ppActivity\paActEdit.asp <-- lbb1chen /DISKC/aspnmns/ppActivity paActEdit.asp
101.12.26 09:51 B D:\aspnmns\ppActivity\paActForm.inc <-- lbb1chen /DISKC/aspnmns/ppActivity paActForm.inc
101.12.26 09:51 B D:\aspnmns\ppActivity\paActFormE.inc <-- lbb1chen /DISKC/aspnmns/ppActivity paActFormE.inc
101.12.26 09:51 B D:\aspnmns\ppActivity\paActList.asp <-- lbb1chen /DISKC/aspnmns/ppActivity paActList.asp
101.12.26 09:51 B D:\aspnmns\ppActivity\paSessionAdd.asp <-- lbb1chen /DISKC/aspnmns/ppActivity paSessionAdd.asp
101.12.26 09:51 B D:\aspnmns\ppActivity\paSessionEdit.asp <-- lbb1chen /DISKC/aspnmns/ppActivity paSessionEdit.asp
101.12.26 09:51 B D:\aspnmns\ppActivity\paSessionForm.inc <-- lbb1chen /DISKC/aspnmns/ppActivity paSessionForm.inc
101.12.26 09:51 B D:\aspnmns\ppActivity\paSessionFormE.inc <-- lbb1chen /DISKC/aspnmns/ppActivity paSessionFormE.inc
101.12.26 09:51 B D:\aspnmns\ppActivity\paSessionList.asp <-- lbb1chen /DISKC/aspnmns/ppActivity paSessionList.asp
101.12.26 09:51 B D:\aspnmns\ppActivity\psEnrollList.asp <-- lbb1chen /DISKC/aspnmns/ppActivity psEnrollList.asp
102.01.07 08:54 B D:\aspnmns\ppActivity\mSessionList.asp --> info.nmns.edu.tw /DISKC/aspnmns/ppActivity mSessionList.asp
102.01.07 08:54 B D:\aspnmns\ppActivity\paActAdd.asp --> info.nmns.edu.tw /DISKC/aspnmns/ppActivity paActAdd.asp
102.01.07 08:54 B D:\aspnmns\ppActivity\paActEdit.asp --> info.nmns.edu.tw /DISKC/aspnmns/ppActivity paActEdit.asp
102.01.07 08:54 B D:\aspnmns\ppActivity\paActForm.inc --> info.nmns.edu.tw /DISKC/aspnmns/ppActivity paActForm.inc
102.01.07 08:54 B D:\aspnmns\ppActivity\paActFormE.inc --> info.nmns.edu.tw /DISKC/aspnmns/ppActivity paActFormE.inc
102.01.07 08:54 B D:\aspnmns\ppActivity\paActList.asp --> info.nmns.edu.tw /DISKC/aspnmns/ppActivity paActList.asp
102.01.07 08:54 B D:\aspnmns\ppActivity\paPsnInfoEdit.asp --> info.nmns.edu.tw /DISKC/aspnmns/ppActivity paPsnInfoEdit.asp
102.01.07 08:54 B D:\aspnmns\ppActivity\paPsnInfoFormE.inc --> info.nmns.edu.tw /DISKC/aspnmns/ppActivity paPsnInfoFormE.inc
102.01.07 08:54 B D:\aspnmns\ppActivity\paPsnYesList.asp --> info.nmns.edu.tw /DISKC/aspnmns/ppActivity paPsnYesList.asp
102.01.07 08:54 B D:\aspnmns\ppActivity\paSessionAdd.asp --> info.nmns.edu.tw /DISKC/aspnmns/ppActivity paSessionAdd.asp
102.01.07 08:54 B D:\aspnmns\ppActivity\paSessionEdit.asp --> info.nmns.edu.tw /DISKC/aspnmns/ppActivity paSessionEdit.asp
102.01.07 08:54 B D:\aspnmns\ppActivity\paSessionForm.inc --> info.nmns.edu.tw /DISKC/aspnmns/ppActivity paSessionForm.inc
102.01.07 08:54 B D:\aspnmns\ppActivity\paSessionFormE.inc --> info.nmns.edu.tw /DISKC/aspnmns/ppActivity paSessionFormE.inc
102.01.07 08:54 B D:\aspnmns\ppActivity\paSessionList.asp --> info.nmns.edu.tw /DISKC/aspnmns/ppActivity paSessionList.asp
102.01.07 08:54 B D:\aspnmns\ppActivity\psEnrollList.asp --> info.nmns.edu.tw /DISKC/aspnmns/ppActivity psEnrollList.asp
102.01.07 08:54 B D:\aspnmns\ppActivity\WS_FTP.LOG --> info.nmns.edu.tw /DISKC/aspnmns/ppActivity WS_FTP.LOG
102.01.07 08:56 B D:\aspnmns\ppActivity\mSessionList.asp --> info.nmns.edu.tw /DISKC/aspnmns/ppActivity mSessionList.asp
102.01.07 08:56 B D:\aspnmns\ppActivity\paActAdd.asp --> info.nmns.edu.tw /DISKC/aspnmns/ppActivity paActAdd.asp
102.01.07 08:56 B D:\aspnmns\ppActivity\paActEdit.asp --> info.nmns.edu.tw /DISKC/aspnmns/ppActivity paActEdit.asp
102.01.07 08:56 B D:\aspnmns\ppActivity\paActForm.inc --> info.nmns.edu.tw /DISKC/aspnmns/ppActivity paActForm.inc
102.01.07 08:56 B D:\aspnmns\ppActivity\paActFormE.inc --> info.nmns.edu.tw /DISKC/aspnmns/ppActivity paActFormE.inc
102.01.07 08:56 B D:\aspnmns\ppActivity\paActList.asp --> info.nmns.edu.tw /DISKC/aspnmns/ppActivity paActList.asp
102.01.07 08:56 B D:\aspnmns\ppActivity\paPsnInfoEdit.asp --> info.nmns.edu.tw /DISKC/aspnmns/ppActivity paPsnInfoEdit.asp
102.01.07 08:56 B D:\aspnmns\ppActivity\paPsnInfoFormE.inc --> info.nmns.edu.tw /DISKC/aspnmns/ppActivity paPsnInfoFormE.inc
102.01.07 08:56 B D:\aspnmns\ppActivity\paPsnYesList.asp --> info.nmns.edu.tw /DISKC/aspnmns/ppActivity paPsnYesList.asp
102.01.07 08:56 B D:\aspnmns\ppActivity\paSessionAdd.asp --> info.nmns.edu.tw /DISKC/aspnmns/ppActivity paSessionAdd.asp
102.01.07 08:56 B D:\aspnmns\ppActivity\paSessionEdit.asp --> info.nmns.edu.tw /DISKC/aspnmns/ppActivity paSessionEdit.asp
102.01.07 08:56 B D:\aspnmns\ppActivity\paSessionForm.inc --> info.nmns.edu.tw /DISKC/aspnmns/ppActivity paSessionForm.inc
102.01.07 08:56 B D:\aspnmns\ppActivity\paSessionFormE.inc --> info.nmns.edu.tw /DISKC/aspnmns/ppActivity paSessionFormE.inc
102.01.07 08:56 B D:\aspnmns\ppActivity\paSessionList.asp --> info.nmns.edu.tw /DISKC/aspnmns/ppActivity paSessionList.asp
102.01.07 08:56 B D:\aspnmns\ppActivity\psEnrollList.asp --> info.nmns.edu.tw /DISKC/aspnmns/ppActivity psEnrollList.asp
102.01.07 08:56 B D:\aspnmns\ppActivity\WS_FTP.LOG --> info.nmns.edu.tw /DISKC/aspnmns/ppActivity WS_FTP.LOG
102.01.07 09:38 B D:\aspnmns\ppActivity\psEnrollList.asp --> info.nmns.edu.tw /DISKC/aspnmns/ppActivity psEnrollList.asp
102.01.07 09:40 B D:\aspnmns\ppActivity\mSessionList.asp --> info.nmns.edu.tw /DISKC/aspnmns/ppActivity mSessionList.asp
102.01.07 09:40 B D:\aspnmns\ppActivity\paActAdd.asp --> info.nmns.edu.tw /DISKC/aspnmns/ppActivity paActAdd.asp
102.01.07 09:40 B D:\aspnmns\ppActivity\paActEdit.asp --> info.nmns.edu.tw /DISKC/aspnmns/ppActivity paActEdit.asp
102.01.07 09:40 B D:\aspnmns\ppActivity\paActForm.inc --> info.nmns.edu.tw /DISKC/aspnmns/ppActivity paActForm.inc
102.01.07 09:40 B D:\aspnmns\ppActivity\paActFormE.inc --> info.nmns.edu.tw /DISKC/aspnmns/ppActivity paActFormE.inc
102.01.07 09:40 B D:\aspnmns\ppActivity\paActList.asp --> info.nmns.edu.tw /DISKC/aspnmns/ppActivity paActList.asp
102.01.07 09:40 B D:\aspnmns\ppActivity\paPsnInfoEdit.asp --> info.nmns.edu.tw /DISKC/aspnmns/ppActivity paPsnInfoEdit.asp
102.01.07 09:40 B D:\aspnmns\ppActivity\paPsnInfoFormE.inc --> info.nmns.edu.tw /DISKC/aspnmns/ppActivity paPsnInfoFormE.inc
102.01.07 09:40 B D:\aspnmns\ppActivity\paPsnYesList.asp --> info.nmns.edu.tw /DISKC/aspnmns/ppActivity paPsnYesList.asp
102.01.07 09:40 B D:\aspnmns\ppActivity\paSessionAdd.asp --> info.nmns.edu.tw /DISKC/aspnmns/ppActivity paSessionAdd.asp
102.01.07 09:40 B D:\aspnmns\ppActivity\paSessionEdit.asp --> info.nmns.edu.tw /DISKC/aspnmns/ppActivity paSessionEdit.asp
102.01.07 09:40 B D:\aspnmns\ppActivity\paSessionForm.inc --> info.nmns.edu.tw /DISKC/aspnmns/ppActivity paSessionForm.inc
102.01.07 09:40 B D:\aspnmns\ppActivity\paSessionFormE.inc --> info.nmns.edu.tw /DISKC/aspnmns/ppActivity paSessionFormE.inc
102.01.07 09:40 B D:\aspnmns\ppActivity\paSessionList.asp --> info.nmns.edu.tw /DISKC/aspnmns/ppActivity paSessionList.asp
102.01.07 09:40 B D:\aspnmns\ppActivity\psEnrollList.asp --> info.nmns.edu.tw /DISKC/aspnmns/ppActivity psEnrollList.asp
102.01.07 09:40 B D:\aspnmns\ppActivity\WS_FTP.LOG --> info.nmns.edu.tw /DISKC/aspnmns/ppActivity WS_FTP.LOG
102.01.07 09:42 B D:\aspnmns\ppActivity\mSessionList.asp --> info.nmns.edu.tw /DISKC/aspnmns/ppActivity mSessionList.asp
102.01.07 09:42 B D:\aspnmns\ppActivity\paActAdd.asp --> info.nmns.edu.tw /DISKC/aspnmns/ppActivity paActAdd.asp
102.01.07 09:42 B D:\aspnmns\ppActivity\paActEdit.asp --> info.nmns.edu.tw /DISKC/aspnmns/ppActivity paActEdit.asp
102.01.07 09:42 B D:\aspnmns\ppActivity\paActForm.inc --> info.nmns.edu.tw /DISKC/aspnmns/ppActivity paActForm.inc
102.01.07 09:42 B D:\aspnmns\ppActivity\paActFormE.inc --> info.nmns.edu.tw /DISKC/aspnmns/ppActivity paActFormE.inc
102.01.07 09:42 B D:\aspnmns\ppActivity\paActList.asp --> info.nmns.edu.tw /DISKC/aspnmns/ppActivity paActList.asp
102.01.07 09:42 B D:\aspnmns\ppActivity\paPsnInfoEdit.asp --> info.nmns.edu.tw /DISKC/aspnmns/ppActivity paPsnInfoEdit.asp
102.01.07 09:42 B D:\aspnmns\ppActivity\paPsnInfoFormE.inc --> info.nmns.edu.tw /DISKC/aspnmns/ppActivity paPsnInfoFormE.inc
102.01.07 09:42 B D:\aspnmns\ppActivity\paPsnYesList.asp --> info.nmns.edu.tw /DISKC/aspnmns/ppActivity paPsnYesList.asp
102.01.07 09:42 B D:\aspnmns\ppActivity\paSessionAdd.asp --> info.nmns.edu.tw /DISKC/aspnmns/ppActivity paSessionAdd.asp
102.01.07 09:42 B D:\aspnmns\ppActivity\paSessionEdit.asp --> info.nmns.edu.tw /DISKC/aspnmns/ppActivity paSessionEdit.asp
102.01.07 09:42 B D:\aspnmns\ppActivity\paSessionForm.inc --> info.nmns.edu.tw /DISKC/aspnmns/ppActivity paSessionForm.inc
102.01.07 09:42 B D:\aspnmns\ppActivity\paSessionFormE.inc --> info.nmns.edu.tw /DISKC/aspnmns/ppActivity paSessionFormE.inc
102.01.07 09:42 B D:\aspnmns\ppActivity\paSessionList.asp --> info.nmns.edu.tw /DISKC/aspnmns/ppActivity paSessionList.asp
102.01.07 09:42 B D:\aspnmns\ppActivity\psEnrollList.asp --> info.nmns.edu.tw /DISKC/aspnmns/ppActivity psEnrollList.asp
102.01.07 09:42 B D:\aspnmns\ppActivity\WS_FTP.LOG --> info.nmns.edu.tw /DISKC/aspnmns/ppActivity WS_FTP.LOG
102.01.07 09:43 B D:\aspnmns\ppActivity\mSessionList.asp --> info.nmns.edu.tw /DISKC/aspnmns/ppActivity mSessionList.asp
102.01.07 09:43 B D:\aspnmns\ppActivity\paActAdd.asp --> info.nmns.edu.tw /DISKC/aspnmns/ppActivity paActAdd.asp
102.01.07 09:43 B D:\aspnmns\ppActivity\paActEdit.asp --> info.nmns.edu.tw /DISKC/aspnmns/ppActivity paActEdit.asp
102.01.07 09:43 B D:\aspnmns\ppActivity\paActForm.inc --> info.nmns.edu.tw /DISKC/aspnmns/ppActivity paActForm.inc
102.01.07 09:43 B D:\aspnmns\ppActivity\paActFormE.inc --> info.nmns.edu.tw /DISKC/aspnmns/ppActivity paActFormE.inc
102.01.07 09:43 B D:\aspnmns\ppActivity\paActList.asp --> info.nmns.edu.tw /DISKC/aspnmns/ppActivity paActList.asp
102.01.07 09:43 B D:\aspnmns\ppActivity\paPsnInfoEdit.asp --> info.nmns.edu.tw /DISKC/aspnmns/ppActivity paPsnInfoEdit.asp
102.01.07 09:43 B D:\aspnmns\ppActivity\paPsnInfoFormE.inc --> info.nmns.edu.tw /DISKC/aspnmns/ppActivity paPsnInfoFormE.inc
102.01.07 09:43 B D:\aspnmns\ppActivity\paPsnYesList.asp --> info.nmns.edu.tw /DISKC/aspnmns/ppActivity paPsnYesList.asp
102.01.07 09:43 B D:\aspnmns\ppActivity\paSessionAdd.asp --> info.nmns.edu.tw /DISKC/aspnmns/ppActivity paSessionAdd.asp
102.01.07 09:43 B D:\aspnmns\ppActivity\paSessionEdit.asp --> info.nmns.edu.tw /DISKC/aspnmns/ppActivity paSessionEdit.asp
102.01.07 09:43 B D:\aspnmns\ppActivity\paSessionForm.inc --> info.nmns.edu.tw /DISKC/aspnmns/ppActivity paSessionForm.inc
102.01.07 09:43 B D:\aspnmns\ppActivity\paSessionFormE.inc --> info.nmns.edu.tw /DISKC/aspnmns/ppActivity paSessionFormE.inc
102.01.07 09:43 B D:\aspnmns\ppActivity\paSessionList.asp --> info.nmns.edu.tw /DISKC/aspnmns/ppActivity paSessionList.asp
102.01.07 09:43 B D:\aspnmns\ppActivity\psEnrollList.asp --> info.nmns.edu.tw /DISKC/aspnmns/ppActivity psEnrollList.asp
102.01.07 09:43 B D:\aspnmns\ppActivity\WS_FTP.LOG --> info.nmns.edu.tw /DISKC/aspnmns/ppActivity WS_FTP.LOG
102.01.07 09:47 B D:\aspnmns\ppActivity\mSessionList.asp --> info.nmns.edu.tw /DISKC/aspnmns/ppActivity mSessionList.asp
102.01.07 09:47 B D:\aspnmns\ppActivity\paActAdd.asp --> info.nmns.edu.tw /DISKC/aspnmns/ppActivity paActAdd.asp
102.01.07 09:47 B D:\aspnmns\ppActivity\paActEdit.asp --> info.nmns.edu.tw /DISKC/aspnmns/ppActivity paActEdit.asp
102.01.07 09:47 B D:\aspnmns\ppActivity\paActForm.inc --> info.nmns.edu.tw /DISKC/aspnmns/ppActivity paActForm.inc
102.01.07 09:47 B D:\aspnmns\ppActivity\paActFormE.inc --> info.nmns.edu.tw /DISKC/aspnmns/ppActivity paActFormE.inc
102.01.07 09:47 B D:\aspnmns\ppActivity\paActList.asp --> info.nmns.edu.tw /DISKC/aspnmns/ppActivity paActList.asp
102.01.07 09:47 B D:\aspnmns\ppActivity\paPsnInfoEdit.asp --> info.nmns.edu.tw /DISKC/aspnmns/ppActivity paPsnInfoEdit.asp
102.01.07 09:47 B D:\aspnmns\ppActivity\paPsnInfoFormE.inc --> info.nmns.edu.tw /DISKC/aspnmns/ppActivity paPsnInfoFormE.inc
102.01.07 09:47 B D:\aspnmns\ppActivity\paPsnYesList.asp --> info.nmns.edu.tw /DISKC/aspnmns/ppActivity paPsnYesList.asp
102.01.07 09:47 B D:\aspnmns\ppActivity\paSessionAdd.asp --> info.nmns.edu.tw /DISKC/aspnmns/ppActivity paSessionAdd.asp
102.01.07 09:47 B D:\aspnmns\ppActivity\paSessionEdit.asp --> info.nmns.edu.tw /DISKC/aspnmns/ppActivity paSessionEdit.asp
102.01.07 09:47 B D:\aspnmns\ppActivity\paSessionForm.inc --> info.nmns.edu.tw /DISKC/aspnmns/ppActivity paSessionForm.inc
102.01.07 09:47 B D:\aspnmns\ppActivity\paSessionFormE.inc --> info.nmns.edu.tw /DISKC/aspnmns/ppActivity paSessionFormE.inc
102.01.07 09:47 B D:\aspnmns\ppActivity\paSessionList.asp --> info.nmns.edu.tw /DISKC/aspnmns/ppActivity paSessionList.asp
102.01.07 09:47 B D:\aspnmns\ppActivity\psEnrollList.asp --> info.nmns.edu.tw /DISKC/aspnmns/ppActivity psEnrollList.asp
104.02.04 16:20 B E:\mywork\aspnmns\ppActivity\WS_FTP.LOG <-- Info /DISKC/aspnmns/ppActivity WS_FTP.LOG
